# JRE version: OpenJDK Runtime Environment (7.0_121) (build 1.7.0_121-b00)
# Java VM: OpenJDK Zero VM (24.121-b00 interpreted mode linux-arm )
Heap
 def new generation   total 4224K, used 1621K [0x55200000, 0x55680000, 0x5e200000)
  eden space 3840K,  32% used [0x55200000, 0x553354c8, 0x555c0000)
  from space 384K,  99% used [0x55620000, 0x5567fff8, 0x55680000)
  to   space 384K,   0% used [0x555c0000, 0x555c0000, 0x55620000)
 tenured generation   total 9216K, used 2574K [0x5e200000, 0x5eb00000, 0x70200000)
   the space 9216K,  27% used [0x5e200000, 0x5e483a20, 0x5e483c00, 0x5eb00000)
 compacting perm gen  total 5888K, used 5774K [0x70200000, 0x707c0000, 0x74200000)
   the space 5888K,  98% used [0x70200000, 0x707a3b08, 0x707a3c00, 0x707c0000)
GC Heap History (6 events):
Event: 2.725 GC heap before
{Heap before GC invocations=0 (full 0):
 def new generation   total 4224K, used 3839K [0x55200000, 0x55680000, 0x5e200000)
  eden space 3840K,  99% used [0x55200000, 0x555bff88, 0x555c0000)
  from space 384K,   0% used [0x555c0000, 0x555c0000, 0x55620000)
  to   space 384K,   0% used [0x55620000, 0x55620000, 0x55680000)
 tenured generation   total 9216K, used 0K [0x5e200000, 0x5eb00000, 0x70200000)
   the space 9216K,   0% used [0x5e200000, 0x5e200000, 0x5e200200, 0x5eb00000)
 compacting perm gen  total 4096K, used 3735K [0x70200000, 0x70600000, 0x74200000)
   the space 4096K,  91% used [0x70200000, 0x705a5cb8, 0x705a5e00, 0x70600000)
No shared spaces configured.
Event: 2.762 GC heap after
Heap after GC invocations=1 (full 0):
 def new generation   total 4224K, used 384K [0x55200000, 0x55680000, 0x5e200000)
  eden space 3840K,   0% used [0x55200000, 0x55200000, 0x555c0000)
  from space 384K, 100% used [0x55620000, 0x55680000, 0x55680000)
  to   space 384K,   0% used [0x555c0000, 0x555c0000, 0x55620000)
 tenured generation   total 9216K, used 1042K [0x5e200000, 0x5eb00000, 0x70200000)
   the space 9216K,  11% used [0x5e200000, 0x5e304ad8, 0x5e304c00, 0x5eb00000)
 compacting perm gen  total 4096K, used 3735K [0x70200000, 0x70600000, 0x74200000)
   the space 4096K,  91% used [0x70200000, 0x705a5cb8, 0x705a5e00, 0x70600000)
No shared spaces configured.
}
Event: 4.828 GC heap before
{Heap before GC invocations=1 (full 0):
 def new generation   total 4224K, used 4219K [0x55200000, 0x55680000, 0x5e200000)
  eden space 3840K,  99% used [0x55200000, 0x555bef40, 0x555c0000)
  from space 384K, 100% used [0x55620000, 0x55680000, 0x55680000)
  to   space 384K,   0% used [0x555c0000, 0x555c0000, 0x55620000)
 tenured generation   total 9216K, used 1042K [0x5e200000, 0x5eb00000, 0x70200000)
   the space 9216K,  11% used [0x5e200000, 0x5e304ad8, 0x5e304c00, 0x5eb00000)
 compacting perm gen  total 4608K, used 4391K [0x70200000, 0x70680000, 0x74200000)
   the space 4608K,  95% used [0x70200000, 0x70649e68, 0x7064a000, 0x70680000)
No shared spaces configured.
Event: 4.860 GC heap after
Heap after GC invocations=2 (full 0):
 def new generation   total 4224K, used 384K [0x55200000, 0x55680000, 0x5e200000)
  eden space 3840K,   0% used [0x55200000, 0x55200000, 0x555c0000)
  from space 384K, 100% used [0x555c0000, 0x55620000, 0x55620000)
  to   space 384K,   0% used [0x55620000, 0x55620000, 0x55680000)
 tenured generation   total 9216K, used 1808K [0x5e200000, 0x5eb00000, 0x70200000)
   the space 9216K,  19% used [0x5e200000, 0x5e3c4240, 0x5e3c4400, 0x5eb00000)
 compacting perm gen  total 4608K, used 4391K [0x70200000, 0x70680000, 0x74200000)
   the space 4608K,  95% used [0x70200000, 0x70649e68, 0x7064a000, 0x70680000)
No shared spaces configured.
}
Event: 6.067 GC heap before
{Heap before GC invocations=2 (full 0):
 def new generation   total 4224K, used 4223K [0x55200000, 0x55680000, 0x5e200000)
  eden space 3840K,  99% used [0x55200000, 0x555bff80, 0x555c0000)
  from space 384K, 100% used [0x555c0000, 0x55620000, 0x55620000)
  to   space 384K,   0% used [0x55620000, 0x55620000, 0x55680000)
 tenured generation   total 9216K, used 1808K [0x5e200000, 0x5eb00000, 0x70200000)
   the space 9216K,  19% used [0x5e200000, 0x5e3c4240, 0x5e3c4400, 0x5eb00000)
 compacting perm gen  total 5632K, used 5518K [0x70200000, 0x70780000, 0x74200000)
   the space 5632K,  97% used [0x70200000, 0x707639a0, 0x70763a00, 0x70780000)
No shared spaces configured.
Event: 6.101 GC heap after
Heap after GC invocations=3 (full 0):
 def new generation   total 4224K, used 383K [0x55200000, 0x55680000, 0x5e200000)
  eden space 3840K,   0% used [0x55200000, 0x55200000, 0x555c0000)
  from space 384K,  99% used [0x55620000, 0x5567fff8, 0x55680000)
  to   space 384K,   0% used [0x555c0000, 0x555c0000, 0x55620000)
 tenured generation   total 9216K, used 2574K [0x5e200000, 0x5eb00000, 0x70200000)
   the space 9216K,  27% used [0x5e200000, 0x5e483a20, 0x5e483c00, 0x5eb00000)
 compacting perm gen  total 5632K, used 5518K [0x70200000, 0x70780000, 0x74200000)
   the space 5632K,  97% used [0x70200000, 0x707639a0, 0x70763a00, 0x70780000)
No shared spaces configured.
}

